<?xml version="1.0" encoding="UTF-8"?>
<!-- Generated by org.testng.reporters.JUnitReportReporter -->
<testsuite hostname="Ban" failures="0" tests="2" name="JDBCseleniumandrestassured.JDBCSeleniumAndRestAssured" time="19.690" errors="0" timestamp="24 Jun 2025 01:45:18 GMT" skipped="0">
  <testcase classname="JDBCseleniumandrestassured.JDBCSeleniumAndRestAssured" name="DBwithRestAssured" time="2.775"/>
  <testcase classname="JDBCseleniumandrestassured.JDBCSeleniumAndRestAssured" name="logIn" time="16.915"/>
</testsuite> <!-- JDBCseleniumandrestassured.JDBCSeleniumAndRestAssured -->
