<?xml version="1.0" encoding="UTF-8"?>
<!-- Generated by org.testng.reporters.JUnitReportReporter -->
<testsuite hostname="Ban" failures="0" tests="2" name="JDBCseleniumandrestassured.JDBCSeleniumAndRestAssured" time="16.692" errors="0" timestamp="23 Jun 2025 00:37:14 GMT" skipped="0">
  <testcase classname="JDBCseleniumandrestassured.JDBCSeleniumAndRestAssured" name="DBwithRestAssured" time="2.053"/>
  <testcase classname="JDBCseleniumandrestassured.JDBCSeleniumAndRestAssured" name="logIn" time="14.639"/>
</testsuite> <!-- JDBCseleniumandrestassured.JDBCSeleniumAndRestAssured -->
